Arguments: 
  /opt/local/bin/node /opt/local/libexec/yarn/bin/yarn.js add react-konva

PATH: 
  /opt/local/bin:/opt/local/sbin:/usr/local/bin:/usr/bin:/bin:/usr/sbin:/sbin:/opt/local/bin:/opt/local/sbin

Yarn version: 
  1.9.2

Node version: 
  6.14.3

Platform: 
  darwin x64

Trace: 
  Error: getaddrinfo ENOTFOUND registry.npm.taobao.org registry.npm.taobao.org:443
      at errnoException (dns.js:28:10)
      at GetAddrInfoReqWrap.onlookup [as oncomplete] (dns.js:76:26)

npm manifest: 
  {
    "name": "react-konva-dom",
    "version": "1.0.0",
    "description": "react-konva-dom",
    "main": "lib/index.js",
    "module": "es/index.js",
    "files": [
      "css",
      "es",
      "lib",
      "umd"
    ],
    "scripts": {
      "build": "nwb build-react-component",
      "clean": "nwb clean-module && nwb clean-demo",
      "prepublishOnly": "npm run build",
      "start": "nwb serve-react-demo",
      "test": "nwb test-react",
      "test:coverage": "nwb test-react --coverage",
      "test:watch": "nwb test-react --server"
    },
    "dependencies": {},
    "peerDependencies": {
      "react": "16.x"
    },
    "devDependencies": {
      "nwb": "0.23.x",
      "react": "^16.4.2",
      "react-dom": "^16.4.2"
    },
    "author": "",
    "homepage": "",
    "license": "MIT",
    "repository": "",
    "keywords": [
      "react-component"
    ]
  }

yarn manifest: 
  No manifest

Lockfile: 
  No lockfile
